<?xml version="1.0" encoding="UTF-8"?>
<testng-results skipped="0" failed="0" ignored="0" total="1" passed="1">
  <reporter-output>
  </reporter-output>
  <suite name="Default suite" duration-ms="83253" started-at="2020-02-07T14:24:45Z" finished-at="2020-02-07T14:26:09Z">
    <groups>
    </groups>
    <test name="Default test" duration-ms="83253" started-at="2020-02-07T14:24:45Z" finished-at="2020-02-07T14:26:09Z">
      <class name="com.RedBus.Test.LoginTest">
        <test-method status="PASS" signature="precondition()[pri:0, instance:com.RedBus.Test.LoginTest@1753acfe]" name="precondition" is-config="true" duration-ms="14570" started-at="2020-02-07T19:54:45Z" finished-at="2020-02-07T19:55:00Z">
          <reporter-output>
          </reporter-output>
        </test-method> <!-- precondition -->
        <test-method status="PASS" signature="test()[pri:0, instance:com.RedBus.Test.LoginTest@1753acfe]" name="test" duration-ms="68207" started-at="2020-02-07T19:55:00Z" finished-at="2020-02-07T19:56:08Z">
          <reporter-output>
          </reporter-output>
        </test-method> <!-- test -->
        <test-method status="PASS" signature="postcondition(org.testng.ITestResult)[pri:0, instance:com.RedBus.Test.LoginTest@1753acfe]" name="postcondition" is-config="true" duration-ms="423" started-at="2020-02-07T19:56:08Z" finished-at="2020-02-07T19:56:09Z">
          <params>
            <param index="0">
              <value>
                <![CDATA[[TestResult name=test status=SUCCESS method=LoginTest.test()[pri:0, instance:com.RedBus.Test.LoginTest@1753acfe] output={null}]]]>
              </value>
            </param>
          </params>
          <reporter-output>
          </reporter-output>
        </test-method> <!-- postcondition -->
      </class> <!-- com.RedBus.Test.LoginTest -->
    </test> <!-- Default test -->
  </suite> <!-- Default suite -->
</testng-results>
